<?xml version="1.0" encoding="UTF-8"?>
<testsuite xmlns:xsi="http://www.w3.org/2001/XMLSchema-instance" xsi:noNamespaceSchemaLocation="https://maven.apache.org/surefire/maven-surefire-plugin/xsd/surefire-test-report.xsd" name="com.cc.testcxf2.Testcxf2ApplicationTests" time="14.446" tests="1" errors="0" skipped="0" failures="0">
  <properties>
    <property name="sun.desktop" value="windows"/>
    <property name="awt.toolkit" value="sun.awt.windows.WToolkit"/>
    <property name="file.encoding.pkg" value="sun.io"/>
    <property name="java.specification.version" value="1.8"/>
    <property name="sun.cpu.isalist" value="amd64"/>
    <property name="sun.jnu.encoding" value="GBK"/>
    <property name="java.class.path" value="E:\Workspace\testcxf2\target\test-classes;E:\Workspace\testcxf2\target\classes;C:\Users\zhangmin01\.m2\org\springframework\boot\spring-boot-starter-web-services\2.0.2.RELEASE\spring-boot-starter-web-services-2.0.2.RELEASE.jar;C:\Users\zhangmin01\.m2\org\springframework\boot\spring-boot-starter\2.0.2.RELEASE\spring-boot-starter-2.0.2.RELEASE.jar;C:\Users\zhangmin01\.m2\org\springframework\boot\spring-boot\2.0.2.RELEASE\spring-boot-2.0.2.RELEASE.jar;C:\Users\zhangmin01\.m2\org\springframework\boot\spring-boot-autoconfigure\2.0.2.RELEASE\spring-boot-autoconfigure-2.0.2.RELEASE.jar;C:\Users\zhangmin01\.m2\org\springframework\boot\spring-boot-starter-logging\2.0.2.RELEASE\spring-boot-starter-logging-2.0.2.RELEASE.jar;C:\Users\zhangmin01\.m2\ch\qos\logback\logback-classic\1.2.3\logback-classic-1.2.3.jar;C:\Users\zhangmin01\.m2\ch\qos\logback\logback-core\1.2.3\logback-core-1.2.3.jar;C:\Users\zhangmin01\.m2\org\apache\logging\log4j\log4j-to-slf4j\2.10.0\log4j-to-slf4j-2.10.0.jar;C:\Users\zhangmin01\.m2\org\apache\logging\log4j\log4j-api\2.10.0\log4j-api-2.10.0.jar;C:\Users\zhangmin01\.m2\org\slf4j\jul-to-slf4j\1.7.25\jul-to-slf4j-1.7.25.jar;C:\Users\zhangmin01\.m2\org\yaml\snakeyaml\1.19\snakeyaml-1.19.jar;C:\Users\zhangmin01\.m2\org\springframework\boot\spring-boot-starter-web\2.0.2.RELEASE\spring-boot-starter-web-2.0.2.RELEASE.jar;C:\Users\zhangmin01\.m2\org\springframework\boot\spring-boot-starter-json\2.0.2.RELEASE\spring-boot-starter-json-2.0.2.RELEASE.jar;C:\Users\zhangmin01\.m2\com\fasterxml\jackson\datatype\jackson-datatype-jdk8\2.9.5\jackson-datatype-jdk8-2.9.5.jar;C:\Users\zhangmin01\.m2\com\fasterxml\jackson\datatype\jackson-datatype-jsr310\2.9.5\jackson-datatype-jsr310-2.9.5.jar;C:\Users\zhangmin01\.m2\com\fasterxml\jackson\module\jackson-module-parameter-names\2.9.5\jackson-module-parameter-names-2.9.5.jar;C:\Users\zhangmin01\.m2\org\springframework\boot\spring-boot-starter-tomcat\2.0.2.RELEASE\spring-boot-starter-tomcat-2.0.2.RELEASE.jar;C:\Users\zhangmin01\.m2\org\apache\tomcat\embed\tomcat-embed-core\8.5.31\tomcat-embed-core-8.5.31.jar;C:\Users\zhangmin01\.m2\org\apache\tomcat\embed\tomcat-embed-el\8.5.31\tomcat-embed-el-8.5.31.jar;C:\Users\zhangmin01\.m2\org\apache\tomcat\embed\tomcat-embed-websocket\8.5.31\tomcat-embed-websocket-8.5.31.jar;C:\Users\zhangmin01\.m2\org\hibernate\validator\hibernate-validator\6.0.9.Final\hibernate-validator-6.0.9.Final.jar;C:\Users\zhangmin01\.m2\javax\validation\validation-api\2.0.1.Final\validation-api-2.0.1.Final.jar;C:\Users\zhangmin01\.m2\org\springframework\spring-web\5.0.6.RELEASE\spring-web-5.0.6.RELEASE.jar;C:\Users\zhangmin01\.m2\org\springframework\spring-webmvc\5.0.6.RELEASE\spring-webmvc-5.0.6.RELEASE.jar;C:\Users\zhangmin01\.m2\org\springframework\spring-oxm\5.0.6.RELEASE\spring-oxm-5.0.6.RELEASE.jar;C:\Users\zhangmin01\.m2\org\springframework\ws\spring-ws-core\3.0.1.RELEASE\spring-ws-core-3.0.1.RELEASE.jar;C:\Users\zhangmin01\.m2\org\springframework\ws\spring-xml\3.0.1.RELEASE\spring-xml-3.0.1.RELEASE.jar;C:\Users\zhangmin01\.m2\commons-io\commons-io\2.5\commons-io-2.5.jar;C:\Users\zhangmin01\.m2\org\springframework\boot\spring-boot-starter-test\2.0.2.RELEASE\spring-boot-starter-test-2.0.2.RELEASE.jar;C:\Users\zhangmin01\.m2\org\springframework\boot\spring-boot-test\2.0.2.RELEASE\spring-boot-test-2.0.2.RELEASE.jar;C:\Users\zhangmin01\.m2\org\springframework\boot\spring-boot-test-autoconfigure\2.0.2.RELEASE\spring-boot-test-autoconfigure-2.0.2.RELEASE.jar;C:\Users\zhangmin01\.m2\com\jayway\jsonpath\json-path\2.4.0\json-path-2.4.0.jar;C:\Users\zhangmin01\.m2\net\minidev\json-smart\2.3\json-smart-2.3.jar;C:\Users\zhangmin01\.m2\net\minidev\accessors-smart\1.2\accessors-smart-1.2.jar;C:\Users\zhangmin01\.m2\org\ow2\asm\asm\5.0.4\asm-5.0.4.jar;C:\Users\zhangmin01\.m2\junit\junit\4.12\junit-4.12.jar;C:\Users\zhangmin01\.m2\org\assertj\assertj-core\3.9.1\assertj-core-3.9.1.jar;C:\Users\zhangmin01\.m2\org\mockito\mockito-core\2.15.0\mockito-core-2.15.0.jar;C:\Users\zhangmin01\.m2\net\bytebuddy\byte-buddy\1.7.11\byte-buddy-1.7.11.jar;C:\Users\zhangmin01\.m2\net\bytebuddy\byte-buddy-agent\1.7.11\byte-buddy-agent-1.7.11.jar;C:\Users\zhangmin01\.m2\org\objenesis\objenesis\2.6\objenesis-2.6.jar;C:\Users\zhangmin01\.m2\org\hamcrest\hamcrest-core\1.3\hamcrest-core-1.3.jar;C:\Users\zhangmin01\.m2\org\hamcrest\hamcrest-library\1.3\hamcrest-library-1.3.jar;C:\Users\zhangmin01\.m2\org\skyscreamer\jsonassert\1.5.0\jsonassert-1.5.0.jar;C:\Users\zhangmin01\.m2\com\vaadin\external\google\android-json\0.0.20131108.vaadin1\android-json-0.0.20131108.vaadin1.jar;C:\Users\zhangmin01\.m2\org\springframework\spring-core\5.0.6.RELEASE\spring-core-5.0.6.RELEASE.jar;C:\Users\zhangmin01\.m2\org\springframework\spring-jcl\5.0.6.RELEASE\spring-jcl-5.0.6.RELEASE.jar;C:\Users\zhangmin01\.m2\org\springframework\spring-test\5.0.6.RELEASE\spring-test-5.0.6.RELEASE.jar;C:\Users\zhangmin01\.m2\org\xmlunit\xmlunit-core\2.5.1\xmlunit-core-2.5.1.jar;C:\Users\zhangmin01\.m2\repository\org\projectlombok\lombok\1.16.8\lombok-1.16.8.jar;C:\Users\zhangmin01\.m2\org\apache\cxf\cxf-rt-frontend-jaxrs\3.2.4\cxf-rt-frontend-jaxrs-3.2.4.jar;C:\Users\zhangmin01\.m2\org\apache\cxf\cxf-core\3.2.4\cxf-core-3.2.4.jar;C:\Users\zhangmin01\.m2\com\fasterxml\woodstox\woodstox-core\5.0.3\woodstox-core-5.0.3.jar;C:\Users\zhangmin01\.m2\org\codehaus\woodstox\stax2-api\3.1.4\stax2-api-3.1.4.jar;C:\Users\zhangmin01\.m2\org\apache\ws\xmlschema\xmlschema-core\2.2.3\xmlschema-core-2.2.3.jar;C:\Users\zhangmin01\.m2\javax\ws\rs\javax.ws.rs-api\2.1\javax.ws.rs-api-2.1.jar;C:\Users\zhangmin01\.m2\javax\annotation\javax.annotation-api\1.3.2\javax.annotation-api-1.3.2.jar;C:\Users\zhangmin01\.m2\org\apache\cxf\cxf-rt-transports-http\3.2.4\cxf-rt-transports-http-3.2.4.jar;C:\Users\zhangmin01\.m2\org\apache\cxf\cxf-rt-transports-http-jetty\3.2.4\cxf-rt-transports-http-jetty-3.2.4.jar;C:\Users\zhangmin01\.m2\org\eclipse\jetty\jetty-server\9.4.10.v20180503\jetty-server-9.4.10.v20180503.jar;C:\Users\zhangmin01\.m2\javax\servlet\javax.servlet-api\3.1.0\javax.servlet-api-3.1.0.jar;C:\Users\zhangmin01\.m2\org\eclipse\jetty\jetty-util\9.4.10.v20180503\jetty-util-9.4.10.v20180503.jar;C:\Users\zhangmin01\.m2\org\eclipse\jetty\jetty-io\9.4.10.v20180503\jetty-io-9.4.10.v20180503.jar;C:\Users\zhangmin01\.m2\org\eclipse\jetty\jetty-security\9.4.10.v20180503\jetty-security-9.4.10.v20180503.jar;C:\Users\zhangmin01\.m2\org\eclipse\jetty\jetty-continuation\9.4.10.v20180503\jetty-continuation-9.4.10.v20180503.jar;C:\Users\zhangmin01\.m2\org\eclipse\jetty\jetty-http\9.4.10.v20180503\jetty-http-9.4.10.v20180503.jar;C:\Users\zhangmin01\.m2\org\slf4j\slf4j-api\1.7.25\slf4j-api-1.7.25.jar;C:\Users\zhangmin01\.m2\org\apache\cxf\cxf-rt-rs-client\3.2.4\cxf-rt-rs-client-3.2.4.jar;C:\Users\zhangmin01\.m2\org\apache\cxf\cxf-rt-transports-local\3.0.0\cxf-rt-transports-local-3.0.0.jar;C:\Users\zhangmin01\.m2\com\fasterxml\jackson\jaxrs\jackson-jaxrs-json-provider\2.9.5\jackson-jaxrs-json-provider-2.9.5.jar;C:\Users\zhangmin01\.m2\com\fasterxml\jackson\jaxrs\jackson-jaxrs-base\2.9.5\jackson-jaxrs-base-2.9.5.jar;C:\Users\zhangmin01\.m2\com\fasterxml\jackson\core\jackson-core\2.9.5\jackson-core-2.9.5.jar;C:\Users\zhangmin01\.m2\com\fasterxml\jackson\core\jackson-databind\2.9.5\jackson-databind-2.9.5.jar;C:\Users\zhangmin01\.m2\com\fasterxml\jackson\module\jackson-module-jaxb-annotations\2.9.5\jackson-module-jaxb-annotations-2.9.5.jar;C:\Users\zhangmin01\.m2\com\fasterxml\jackson\core\jackson-annotations\2.9.0\jackson-annotations-2.9.0.jar;C:\Users\zhangmin01\.m2\com\zaxxer\HikariCP-java7\2.4.13\HikariCP-java7-2.4.13.jar;C:\Users\zhangmin01\.m2\com\zaxxer\HikariCP\2.7.9\HikariCP-2.7.9.jar;C:\Users\zhangmin01\.m2\org\postgresql\postgresql\42.1.1\postgresql-42.1.1.jar;C:\Users\zhangmin01\.m2\org\hibernate\hibernate-core\5.2.17.Final\hibernate-core-5.2.17.Final.jar;C:\Users\zhangmin01\.m2\org\jboss\logging\jboss-logging\3.3.2.Final\jboss-logging-3.3.2.Final.jar;C:\Users\zhangmin01\.m2\org\hibernate\javax\persistence\hibernate-jpa-2.1-api\1.0.0.Final\hibernate-jpa-2.1-api-1.0.0.Final.jar;C:\Users\zhangmin01\.m2\org\javassist\javassist\3.22.0-GA\javassist-3.22.0-GA.jar;C:\Users\zhangmin01\.m2\antlr\antlr\2.7.7\antlr-2.7.7.jar;C:\Users\zhangmin01\.m2\org\jboss\spec\javax\transaction\jboss-transaction-api_1.2_spec\1.0.1.Final\jboss-transaction-api_1.2_spec-1.0.1.Final.jar;C:\Users\zhangmin01\.m2\org\jboss\jandex\2.0.3.Final\jandex-2.0.3.Final.jar;C:\Users\zhangmin01\.m2\com\fasterxml\classmate\1.3.4\classmate-1.3.4.jar;C:\Users\zhangmin01\.m2\dom4j\dom4j\1.6.1\dom4j-1.6.1.jar;C:\Users\zhangmin01\.m2\org\hibernate\common\hibernate-commons-annotations\5.0.1.Final\hibernate-commons-annotations-5.0.1.Final.jar;C:\Users\zhangmin01\.m2\org\hibernate\hibernate-entitymanager\5.1.0.Final\hibernate-entitymanager-5.1.0.Final.jar;C:\Users\zhangmin01\.m2\org\apache\geronimo\specs\geronimo-jta_1.1_spec\1.1.1\geronimo-jta_1.1_spec-1.1.1.jar;C:\Users\zhangmin01\.m2\org\springframework\data\spring-data-jpa\2.0.8.RELEASE\spring-data-jpa-2.0.8.RELEASE.jar;C:\Users\zhangmin01\.m2\org\springframework\data\spring-data-commons\2.0.7.RELEASE\spring-data-commons-2.0.7.RELEASE.jar;C:\Users\zhangmin01\.m2\org\springframework\spring-orm\5.0.6.RELEASE\spring-orm-5.0.6.RELEASE.jar;C:\Users\zhangmin01\.m2\org\springframework\spring-jdbc\5.0.6.RELEASE\spring-jdbc-5.0.6.RELEASE.jar;C:\Users\zhangmin01\.m2\org\springframework\spring-context\5.0.6.RELEASE\spring-context-5.0.6.RELEASE.jar;C:\Users\zhangmin01\.m2\org\springframework\spring-expression\5.0.6.RELEASE\spring-expression-5.0.6.RELEASE.jar;C:\Users\zhangmin01\.m2\org\springframework\spring-aop\5.0.6.RELEASE\spring-aop-5.0.6.RELEASE.jar;C:\Users\zhangmin01\.m2\org\springframework\spring-tx\5.0.6.RELEASE\spring-tx-5.0.6.RELEASE.jar;C:\Users\zhangmin01\.m2\org\springframework\spring-beans\5.0.6.RELEASE\spring-beans-5.0.6.RELEASE.jar;C:\Users\zhangmin01\.m2\org\aspectj\aspectjrt\1.8.13\aspectjrt-1.8.13.jar;C:\Users\zhangmin01\.m2\org\springframework\boot\spring-boot-configuration-processor\2.0.2.RELEASE\spring-boot-configuration-processor-2.0.2.RELEASE.jar;"/>
    <property name="java.vm.vendor" value="Oracle Corporation"/>
    <property name="sun.arch.data.model" value="64"/>
    <property name="user.variant" value=""/>
    <property name="java.vendor.url" value="http://java.oracle.com/"/>
    <property name="user.timezone" value=""/>
    <property name="java.vm.specification.version" value="1.8"/>
    <property name="os.name" value="Windows 10"/>
    <property name="user.country" value="CN"/>
    <property name="sun.java.launcher" value="SUN_STANDARD"/>
    <property name="sun.boot.library.path" value="D:\Program Files\Java\jdk1.8.0_171\jre\bin"/>
    <property name="sun.java.command" value="C:\Users\ZHANGM~1\AppData\Local\Temp\surefire4493984247095757961\surefirebooter3711809518749835549.jar C:\Users\zhangmin01\AppData\Local\Temp\surefire4493984247095757961 2018-06-23T19-33-35_283-jvmRun1 surefire3679558416628454211tmp surefire_07529812343892675270tmp"/>
    <property name="surefire.test.class.path" value="E:\Workspace\testcxf2\target\test-classes;E:\Workspace\testcxf2\target\classes;C:\Users\zhangmin01\.m2\org\springframework\boot\spring-boot-starter-web-services\2.0.2.RELEASE\spring-boot-starter-web-services-2.0.2.RELEASE.jar;C:\Users\zhangmin01\.m2\org\springframework\boot\spring-boot-starter\2.0.2.RELEASE\spring-boot-starter-2.0.2.RELEASE.jar;C:\Users\zhangmin01\.m2\org\springframework\boot\spring-boot\2.0.2.RELEASE\spring-boot-2.0.2.RELEASE.jar;C:\Users\zhangmin01\.m2\org\springframework\boot\spring-boot-autoconfigure\2.0.2.RELEASE\spring-boot-autoconfigure-2.0.2.RELEASE.jar;C:\Users\zhangmin01\.m2\org\springframework\boot\spring-boot-starter-logging\2.0.2.RELEASE\spring-boot-starter-logging-2.0.2.RELEASE.jar;C:\Users\zhangmin01\.m2\ch\qos\logback\logback-classic\1.2.3\logback-classic-1.2.3.jar;C:\Users\zhangmin01\.m2\ch\qos\logback\logback-core\1.2.3\logback-core-1.2.3.jar;C:\Users\zhangmin01\.m2\org\apache\logging\log4j\log4j-to-slf4j\2.10.0\log4j-to-slf4j-2.10.0.jar;C:\Users\zhangmin01\.m2\org\apache\logging\log4j\log4j-api\2.10.0\log4j-api-2.10.0.jar;C:\Users\zhangmin01\.m2\org\slf4j\jul-to-slf4j\1.7.25\jul-to-slf4j-1.7.25.jar;C:\Users\zhangmin01\.m2\org\yaml\snakeyaml\1.19\snakeyaml-1.19.jar;C:\Users\zhangmin01\.m2\org\springframework\boot\spring-boot-starter-web\2.0.2.RELEASE\spring-boot-starter-web-2.0.2.RELEASE.jar;C:\Users\zhangmin01\.m2\org\springframework\boot\spring-boot-starter-json\2.0.2.RELEASE\spring-boot-starter-json-2.0.2.RELEASE.jar;C:\Users\zhangmin01\.m2\com\fasterxml\jackson\datatype\jackson-datatype-jdk8\2.9.5\jackson-datatype-jdk8-2.9.5.jar;C:\Users\zhangmin01\.m2\com\fasterxml\jackson\datatype\jackson-datatype-jsr310\2.9.5\jackson-datatype-jsr310-2.9.5.jar;C:\Users\zhangmin01\.m2\com\fasterxml\jackson\module\jackson-module-parameter-names\2.9.5\jackson-module-parameter-names-2.9.5.jar;C:\Users\zhangmin01\.m2\org\springframework\boot\spring-boot-starter-tomcat\2.0.2.RELEASE\spring-boot-starter-tomcat-2.0.2.RELEASE.jar;C:\Users\zhangmin01\.m2\org\apache\tomcat\embed\tomcat-embed-core\8.5.31\tomcat-embed-core-8.5.31.jar;C:\Users\zhangmin01\.m2\org\apache\tomcat\embed\tomcat-embed-el\8.5.31\tomcat-embed-el-8.5.31.jar;C:\Users\zhangmin01\.m2\org\apache\tomcat\embed\tomcat-embed-websocket\8.5.31\tomcat-embed-websocket-8.5.31.jar;C:\Users\zhangmin01\.m2\org\hibernate\validator\hibernate-validator\6.0.9.Final\hibernate-validator-6.0.9.Final.jar;C:\Users\zhangmin01\.m2\javax\validation\validation-api\2.0.1.Final\validation-api-2.0.1.Final.jar;C:\Users\zhangmin01\.m2\org\springframework\spring-web\5.0.6.RELEASE\spring-web-5.0.6.RELEASE.jar;C:\Users\zhangmin01\.m2\org\springframework\spring-webmvc\5.0.6.RELEASE\spring-webmvc-5.0.6.RELEASE.jar;C:\Users\zhangmin01\.m2\org\springframework\spring-oxm\5.0.6.RELEASE\spring-oxm-5.0.6.RELEASE.jar;C:\Users\zhangmin01\.m2\org\springframework\ws\spring-ws-core\3.0.1.RELEASE\spring-ws-core-3.0.1.RELEASE.jar;C:\Users\zhangmin01\.m2\org\springframework\ws\spring-xml\3.0.1.RELEASE\spring-xml-3.0.1.RELEASE.jar;C:\Users\zhangmin01\.m2\commons-io\commons-io\2.5\commons-io-2.5.jar;C:\Users\zhangmin01\.m2\org\springframework\boot\spring-boot-starter-test\2.0.2.RELEASE\spring-boot-starter-test-2.0.2.RELEASE.jar;C:\Users\zhangmin01\.m2\org\springframework\boot\spring-boot-test\2.0.2.RELEASE\spring-boot-test-2.0.2.RELEASE.jar;C:\Users\zhangmin01\.m2\org\springframework\boot\spring-boot-test-autoconfigure\2.0.2.RELEASE\spring-boot-test-autoconfigure-2.0.2.RELEASE.jar;C:\Users\zhangmin01\.m2\com\jayway\jsonpath\json-path\2.4.0\json-path-2.4.0.jar;C:\Users\zhangmin01\.m2\net\minidev\json-smart\2.3\json-smart-2.3.jar;C:\Users\zhangmin01\.m2\net\minidev\accessors-smart\1.2\accessors-smart-1.2.jar;C:\Users\zhangmin01\.m2\org\ow2\asm\asm\5.0.4\asm-5.0.4.jar;C:\Users\zhangmin01\.m2\junit\junit\4.12\junit-4.12.jar;C:\Users\zhangmin01\.m2\org\assertj\assertj-core\3.9.1\assertj-core-3.9.1.jar;C:\Users\zhangmin01\.m2\org\mockito\mockito-core\2.15.0\mockito-core-2.15.0.jar;C:\Users\zhangmin01\.m2\net\bytebuddy\byte-buddy\1.7.11\byte-buddy-1.7.11.jar;C:\Users\zhangmin01\.m2\net\bytebuddy\byte-buddy-agent\1.7.11\byte-buddy-agent-1.7.11.jar;C:\Users\zhangmin01\.m2\org\objenesis\objenesis\2.6\objenesis-2.6.jar;C:\Users\zhangmin01\.m2\org\hamcrest\hamcrest-core\1.3\hamcrest-core-1.3.jar;C:\Users\zhangmin01\.m2\org\hamcrest\hamcrest-library\1.3\hamcrest-library-1.3.jar;C:\Users\zhangmin01\.m2\org\skyscreamer\jsonassert\1.5.0\jsonassert-1.5.0.jar;C:\Users\zhangmin01\.m2\com\vaadin\external\google\android-json\0.0.20131108.vaadin1\android-json-0.0.20131108.vaadin1.jar;C:\Users\zhangmin01\.m2\org\springframework\spring-core\5.0.6.RELEASE\spring-core-5.0.6.RELEASE.jar;C:\Users\zhangmin01\.m2\org\springframework\spring-jcl\5.0.6.RELEASE\spring-jcl-5.0.6.RELEASE.jar;C:\Users\zhangmin01\.m2\org\springframework\spring-test\5.0.6.RELEASE\spring-test-5.0.6.RELEASE.jar;C:\Users\zhangmin01\.m2\org\xmlunit\xmlunit-core\2.5.1\xmlunit-core-2.5.1.jar;C:\Users\zhangmin01\.m2\repository\org\projectlombok\lombok\1.16.8\lombok-1.16.8.jar;C:\Users\zhangmin01\.m2\org\apache\cxf\cxf-rt-frontend-jaxrs\3.2.4\cxf-rt-frontend-jaxrs-3.2.4.jar;C:\Users\zhangmin01\.m2\org\apache\cxf\cxf-core\3.2.4\cxf-core-3.2.4.jar;C:\Users\zhangmin01\.m2\com\fasterxml\woodstox\woodstox-core\5.0.3\woodstox-core-5.0.3.jar;C:\Users\zhangmin01\.m2\org\codehaus\woodstox\stax2-api\3.1.4\stax2-api-3.1.4.jar;C:\Users\zhangmin01\.m2\org\apache\ws\xmlschema\xmlschema-core\2.2.3\xmlschema-core-2.2.3.jar;C:\Users\zhangmin01\.m2\javax\ws\rs\javax.ws.rs-api\2.1\javax.ws.rs-api-2.1.jar;C:\Users\zhangmin01\.m2\javax\annotation\javax.annotation-api\1.3.2\javax.annotation-api-1.3.2.jar;C:\Users\zhangmin01\.m2\org\apache\cxf\cxf-rt-transports-http\3.2.4\cxf-rt-transports-http-3.2.4.jar;C:\Users\zhangmin01\.m2\org\apache\cxf\cxf-rt-transports-http-jetty\3.2.4\cxf-rt-transports-http-jetty-3.2.4.jar;C:\Users\zhangmin01\.m2\org\eclipse\jetty\jetty-server\9.4.10.v20180503\jetty-server-9.4.10.v20180503.jar;C:\Users\zhangmin01\.m2\javax\servlet\javax.servlet-api\3.1.0\javax.servlet-api-3.1.0.jar;C:\Users\zhangmin01\.m2\org\eclipse\jetty\jetty-util\9.4.10.v20180503\jetty-util-9.4.10.v20180503.jar;C:\Users\zhangmin01\.m2\org\eclipse\jetty\jetty-io\9.4.10.v20180503\jetty-io-9.4.10.v20180503.jar;C:\Users\zhangmin01\.m2\org\eclipse\jetty\jetty-security\9.4.10.v20180503\jetty-security-9.4.10.v20180503.jar;C:\Users\zhangmin01\.m2\org\eclipse\jetty\jetty-continuation\9.4.10.v20180503\jetty-continuation-9.4.10.v20180503.jar;C:\Users\zhangmin01\.m2\org\eclipse\jetty\jetty-http\9.4.10.v20180503\jetty-http-9.4.10.v20180503.jar;C:\Users\zhangmin01\.m2\org\slf4j\slf4j-api\1.7.25\slf4j-api-1.7.25.jar;C:\Users\zhangmin01\.m2\org\apache\cxf\cxf-rt-rs-client\3.2.4\cxf-rt-rs-client-3.2.4.jar;C:\Users\zhangmin01\.m2\org\apache\cxf\cxf-rt-transports-local\3.0.0\cxf-rt-transports-local-3.0.0.jar;C:\Users\zhangmin01\.m2\com\fasterxml\jackson\jaxrs\jackson-jaxrs-json-provider\2.9.5\jackson-jaxrs-json-provider-2.9.5.jar;C:\Users\zhangmin01\.m2\com\fasterxml\jackson\jaxrs\jackson-jaxrs-base\2.9.5\jackson-jaxrs-base-2.9.5.jar;C:\Users\zhangmin01\.m2\com\fasterxml\jackson\core\jackson-core\2.9.5\jackson-core-2.9.5.jar;C:\Users\zhangmin01\.m2\com\fasterxml\jackson\core\jackson-databind\2.9.5\jackson-databind-2.9.5.jar;C:\Users\zhangmin01\.m2\com\fasterxml\jackson\module\jackson-module-jaxb-annotations\2.9.5\jackson-module-jaxb-annotations-2.9.5.jar;C:\Users\zhangmin01\.m2\com\fasterxml\jackson\core\jackson-annotations\2.9.0\jackson-annotations-2.9.0.jar;C:\Users\zhangmin01\.m2\com\zaxxer\HikariCP-java7\2.4.13\HikariCP-java7-2.4.13.jar;C:\Users\zhangmin01\.m2\com\zaxxer\HikariCP\2.7.9\HikariCP-2.7.9.jar;C:\Users\zhangmin01\.m2\org\postgresql\postgresql\42.1.1\postgresql-42.1.1.jar;C:\Users\zhangmin01\.m2\org\hibernate\hibernate-core\5.2.17.Final\hibernate-core-5.2.17.Final.jar;C:\Users\zhangmin01\.m2\org\jboss\logging\jboss-logging\3.3.2.Final\jboss-logging-3.3.2.Final.jar;C:\Users\zhangmin01\.m2\org\hibernate\javax\persistence\hibernate-jpa-2.1-api\1.0.0.Final\hibernate-jpa-2.1-api-1.0.0.Final.jar;C:\Users\zhangmin01\.m2\org\javassist\javassist\3.22.0-GA\javassist-3.22.0-GA.jar;C:\Users\zhangmin01\.m2\antlr\antlr\2.7.7\antlr-2.7.7.jar;C:\Users\zhangmin01\.m2\org\jboss\spec\javax\transaction\jboss-transaction-api_1.2_spec\1.0.1.Final\jboss-transaction-api_1.2_spec-1.0.1.Final.jar;C:\Users\zhangmin01\.m2\org\jboss\jandex\2.0.3.Final\jandex-2.0.3.Final.jar;C:\Users\zhangmin01\.m2\com\fasterxml\classmate\1.3.4\classmate-1.3.4.jar;C:\Users\zhangmin01\.m2\dom4j\dom4j\1.6.1\dom4j-1.6.1.jar;C:\Users\zhangmin01\.m2\org\hibernate\common\hibernate-commons-annotations\5.0.1.Final\hibernate-commons-annotations-5.0.1.Final.jar;C:\Users\zhangmin01\.m2\org\hibernate\hibernate-entitymanager\5.1.0.Final\hibernate-entitymanager-5.1.0.Final.jar;C:\Users\zhangmin01\.m2\org\apache\geronimo\specs\geronimo-jta_1.1_spec\1.1.1\geronimo-jta_1.1_spec-1.1.1.jar;C:\Users\zhangmin01\.m2\org\springframework\data\spring-data-jpa\2.0.8.RELEASE\spring-data-jpa-2.0.8.RELEASE.jar;C:\Users\zhangmin01\.m2\org\springframework\data\spring-data-commons\2.0.7.RELEASE\spring-data-commons-2.0.7.RELEASE.jar;C:\Users\zhangmin01\.m2\org\springframework\spring-orm\5.0.6.RELEASE\spring-orm-5.0.6.RELEASE.jar;C:\Users\zhangmin01\.m2\org\springframework\spring-jdbc\5.0.6.RELEASE\spring-jdbc-5.0.6.RELEASE.jar;C:\Users\zhangmin01\.m2\org\springframework\spring-context\5.0.6.RELEASE\spring-context-5.0.6.RELEASE.jar;C:\Users\zhangmin01\.m2\org\springframework\spring-expression\5.0.6.RELEASE\spring-expression-5.0.6.RELEASE.jar;C:\Users\zhangmin01\.m2\org\springframework\spring-aop\5.0.6.RELEASE\spring-aop-5.0.6.RELEASE.jar;C:\Users\zhangmin01\.m2\org\springframework\spring-tx\5.0.6.RELEASE\spring-tx-5.0.6.RELEASE.jar;C:\Users\zhangmin01\.m2\org\springframework\spring-beans\5.0.6.RELEASE\spring-beans-5.0.6.RELEASE.jar;C:\Users\zhangmin01\.m2\org\aspectj\aspectjrt\1.8.13\aspectjrt-1.8.13.jar;C:\Users\zhangmin01\.m2\org\springframework\boot\spring-boot-configuration-processor\2.0.2.RELEASE\spring-boot-configuration-processor-2.0.2.RELEASE.jar;"/>
    <property name="sun.cpu.endian" value="little"/>
    <property name="user.home" value="C:\Users\zhangmin01"/>
    <property name="user.language" value="zh"/>
    <property name="java.specification.vendor" value="Oracle Corporation"/>
    <property name="java.home" value="D:\Program Files\Java\jdk1.8.0_171\jre"/>
    <property name="basedir" value="E:\Workspace\testcxf2"/>
    <property name="file.separator" value="\"/>
    <property name="line.separator" value="&#10;"/>
    <property name="java.vm.specification.vendor" value="Oracle Corporation"/>
    <property name="java.specification.name" value="Java Platform API Specification"/>
    <property name="java.awt.graphicsenv" value="sun.awt.Win32GraphicsEnvironment"/>
    <property name="surefire.real.class.path" value="C:\Users\ZHANGM~1\AppData\Local\Temp\surefire4493984247095757961\surefirebooter3711809518749835549.jar"/>
    <property name="sun.boot.class.path" value="D:\Program Files\Java\jdk1.8.0_171\jre\lib\resources.jar;D:\Program Files\Java\jdk1.8.0_171\jre\lib\rt.jar;D:\Program Files\Java\jdk1.8.0_171\jre\lib\sunrsasign.jar;D:\Program Files\Java\jdk1.8.0_171\jre\lib\jsse.jar;D:\Program Files\Java\jdk1.8.0_171\jre\lib\jce.jar;D:\Program Files\Java\jdk1.8.0_171\jre\lib\charsets.jar;D:\Program Files\Java\jdk1.8.0_171\jre\lib\jfr.jar;D:\Program Files\Java\jdk1.8.0_171\jre\classes"/>
    <property name="user.script" value=""/>
    <property name="sun.management.compiler" value="HotSpot 64-Bit Tiered Compilers"/>
    <property name="java.runtime.version" value="1.8.0_171-b11"/>
    <property name="user.name" value="zhangmin01"/>
    <property name="path.separator" value=";"/>
    <property name="os.version" value="10.0"/>
    <property name="java.endorsed.dirs" value="D:\Program Files\Java\jdk1.8.0_171\jre\lib\endorsed"/>
    <property name="java.runtime.name" value="Java(TM) SE Runtime Environment"/>
    <property name="file.encoding" value="GBK"/>
    <property name="java.vm.name" value="Java HotSpot(TM) 64-Bit Server VM"/>
    <property name="localRepository" value="C:\Users\zhangmin01\.m2"/>
    <property name="java.vendor.url.bug" value="http://bugreport.sun.com/bugreport/"/>
    <property name="java.io.tmpdir" value="C:\Users\ZHANGM~1\AppData\Local\Temp\"/>
    <property name="idea.version" value="2018.1.2"/>
    <property name="java.version" value="1.8.0_171"/>
    <property name="user.dir" value="E:\Workspace\testcxf2"/>
    <property name="os.arch" value="amd64"/>
    <property name="java.vm.specification.name" value="Java Virtual Machine Specification"/>
    <property name="java.awt.printerjob" value="sun.awt.windows.WPrinterJob"/>
    <property name="sun.os.patch.level" value=""/>
    <property name="java.library.path" value="D:\Program Files\Java\jdk1.8.0_171\jre\bin;C:\WINDOWS\Sun\Java\bin;C:\WINDOWS\system32;C:\WINDOWS;C:\Program Files\Docker\Docker\Resources\bin;D:\Program Files\Java\jdk1.8.0_171\bin;D:\Program Files\Java\jdk1.8.0_171\jre\bin;D:\Program Files\apache-maven-3.5.3-bin\apache-maven-3.5.3\bin;D:\Program Files (x86)\pycSafefile\x64;C:\Program Files\dotnet\;D:\Program Files\Git\cmd;C:\Users\zhangmin01\AppData\Local\Microsoft\WindowsApps;C:\Users\zhangmin01\AppData\Roaming\npm;C:\Program Files\Docker Toolbox;."/>
    <property name="java.vm.info" value="mixed mode"/>
    <property name="java.vendor" value="Oracle Corporation"/>
    <property name="java.vm.version" value="25.171-b11"/>
    <property name="java.ext.dirs" value="D:\Program Files\Java\jdk1.8.0_171\jre\lib\ext;C:\WINDOWS\Sun\Java\lib\ext"/>
    <property name="sun.io.unicode.encoding" value="UnicodeLittle"/>
    <property name="java.class.version" value="52.0"/>
  </properties>
  <testcase name="add" classname="com.cc.testcxf2.Testcxf2ApplicationTests" time="0.949"/>
</testsuite>